<?xml version="1.0" encoding="UTF-8"?>
<!-- Generated by org.testng.reporters.JUnitReportReporter -->
<testsuite hostname="DESKTOP-CR76F6G" failures="0" tests="1" name="frame_work.facebook_lsunh" time="8.316" errors="0" timestamp="2023-10-27T20:40:48 IST" skipped="0">
  <testcase classname="frame_work.facebook_lsunh" name="run" time="8.316"/>
</testsuite> <!-- frame_work.facebook_lsunh -->
