<?xml version="1.0" encoding="UTF-8"?>
<!-- Generated by org.testng.reporters.JUnitReportReporter -->
<testsuite hostname="DESKTOP-CR76F6G" failures="0" tests="1" name="gen_report.log_4j" time="0.023" errors="0" timestamp="2023-10-27T19:48:19 IST" skipped="0">
  <testcase classname="gen_report.log_4j" name="run" time="0.023"/>
</testsuite> <!-- gen_report.log_4j -->
