<?xml version="1.0" encoding="UTF-8"?>
<!-- Generated by org.testng.reporters.JUnitReportReporter -->
<testsuite hostname="DESKTOP-CR76F6G" failures="0" tests="1" name="demo.Sample" time="6.273" errors="0" timestamp="2023-10-08T12:45:55 IST" skipped="0">
  <testcase classname="demo.Sample" name="test" time="6.273"/>
</testsuite> <!-- demo.Sample -->
