<?xml version="1.0" encoding="UTF-8"?>
<!-- Generated by org.testng.reporters.JUnitReportReporter -->
<testsuite hostname="DESKTOP-CR76F6G" failures="0" tests="1" name="gen_report.exten_repor" time="0.220" errors="0" timestamp="2023-10-27T19:39:27 IST" skipped="0">
  <testcase classname="gen_report.exten_repor" name="run" time="0.220"/>
</testsuite> <!-- gen_report.exten_repor -->
