<?xml version="1.0" encoding="UTF-8"?>
<!-- Generated by org.testng.reporters.JUnitReportReporter -->
<testsuite hostname="DESKTOP-CR76F6G" failures="0" tests="2" name="test_ng_framework.runner_script" time="11.778" errors="0" timestamp="2023-10-26T20:02:12 IST" skipped="0">
  <testcase classname="test_ng_framework.runner_script" name="run" time="6.105"/>
  <testcase classname="test_ng_framework.runner_script" name="run" time="5.673"/>
</testsuite> <!-- test_ng_framework.runner_script -->
