<?xml version="1.0" encoding="UTF-8"?>
<!-- Generated by org.testng.reporters.JUnitReportReporter -->
<testsuite hostname="DESKTOP-CR76F6G" failures="0" tests="2" name="test_ng.sample" time="12.170" errors="0" timestamp="2023-10-19T19:30:33 IST" skipped="0">
  <testcase classname="test_ng.sample" name="run" time="6.621"/>
  <testcase classname="test_ng.sample" name="runner" time="5.549"/>
</testsuite> <!-- test_ng.sample -->
